c:\users\sidu\desktop\final project\crudeengine\crudeengine\release\vc141.pdb
c:\users\sidu\desktop\final project\crudeengine\crudeengine\release\gamestatemanager.obj
c:\users\sidu\desktop\final project\crudeengine\crudeengine\release\gameobjectmanager.obj
c:\users\sidu\desktop\final project\crudeengine\crudeengine\release\gameobject.obj
c:\users\sidu\desktop\final project\crudeengine\crudeengine\release\frame rate controller.obj
c:\users\sidu\desktop\final project\crudeengine\crudeengine\release\eventmanager.obj
c:\users\sidu\desktop\final project\crudeengine\crudeengine\release\transform.obj
c:\users\sidu\desktop\final project\crudeengine\crudeengine\release\subscription.obj
c:\users\sidu\desktop\final project\crudeengine\crudeengine\release\follow.obj
c:\users\sidu\desktop\final project\crudeengine\crudeengine\release\sprite.obj
c:\users\sidu\desktop\final project\crudeengine\crudeengine\release\spawner.obj
c:\users\sidu\desktop\final project\crudeengine\crudeengine\release\controller.obj
c:\users\sidu\desktop\final project\crudeengine\crudeengine\release\component.obj
c:\users\sidu\desktop\final project\crudeengine\crudeengine\release\body.obj
c:\users\sidu\desktop\final project\crudeengine\crudeengine\release\animator.obj
c:\users\sidu\desktop\final project\crudeengine\crudeengine\release\collisionmanager.obj
c:\users\sidu\desktop\final project\crudeengine\crudeengine\release\application.obj
c:\users\sidu\desktop\final project\crudeengine\crudeengine\release\fallexplode.obj
c:\users\sidu\desktop\final project\crudeengine\crudeengine\release\drop.obj
c:\users\sidu\desktop\final project\crudeengine\crudeengine\release\buff.obj
c:\users\sidu\desktop\final project\crudeengine\crudeengine\release\attributes.obj
c:\users\sidu\desktop\final project\crudeengine\crudeengine\release\vertexbuffer.obj
c:\users\sidu\desktop\final project\crudeengine\crudeengine\release\vertexarray.obj
c:\users\sidu\desktop\final project\crudeengine\crudeengine\release\stbi_image.obj
c:\users\sidu\desktop\final project\crudeengine\crudeengine\release\jsonvalue.obj
c:\users\sidu\desktop\final project\crudeengine\crudeengine\release\json.obj
c:\users\sidu\desktop\final project\crudeengine\crudeengine\release\texture.obj
c:\users\sidu\desktop\final project\crudeengine\crudeengine\release\shader.obj
c:\users\sidu\desktop\final project\crudeengine\crudeengine\release\renderer.obj
c:\users\sidu\desktop\final project\crudeengine\crudeengine\release\indexbuffer.obj
c:\users\sidu\desktop\final project\crudeengine\crudeengine\release\resourcemanager.obj
c:\users\sidu\desktop\final project\crudeengine\crudeengine\release\physicsmanager.obj
c:\users\sidu\desktop\final project\crudeengine\crudeengine\release\objectfactory.obj
c:\users\sidu\desktop\final project\crudeengine\crudeengine\release\inputmanager.obj
c:\users\sidu\desktop\final project\crudeengine\crudeengine\release\vector2d.obj
c:\users\sidu\desktop\final project\crudeengine\crudeengine\release\matrix2d.obj
c:\users\sidu\desktop\final project\crudeengine\crudeengine\release\math2d.obj
c:\users\sidu\desktop\final project\crudeengine\crudeengine\release\linesegment2d.obj
c:\users\sidu\desktop\final project\crudeengine\release\crudeengine.ipdb
c:\users\sidu\desktop\final project\crudeengine\release\crudeengine.iobj
c:\users\sidu\desktop\final project\crudeengine\release\crudeengine.exe
c:\users\sidu\desktop\final project\crudeengine\release\crudeengine.pdb
c:\users\sidu\desktop\final project\crudeengine\crudeengine\release\crudeengine.tlog\cl.command.1.tlog
c:\users\sidu\desktop\final project\crudeengine\crudeengine\release\crudeengine.tlog\cl.read.1.tlog
c:\users\sidu\desktop\final project\crudeengine\crudeengine\release\crudeengine.tlog\cl.write.1.tlog
c:\users\sidu\desktop\final project\crudeengine\crudeengine\release\crudeengine.tlog\crudeengine.write.1u.tlog
c:\users\sidu\desktop\final project\crudeengine\crudeengine\release\crudeengine.tlog\link.command.1.tlog
c:\users\sidu\desktop\final project\crudeengine\crudeengine\release\crudeengine.tlog\link.read.1.tlog
c:\users\sidu\desktop\final project\crudeengine\crudeengine\release\crudeengine.tlog\link.write.1.tlog
