  Application.cpp
  Animator.cpp
  Attributes.cpp
  Body.cpp
  Buff.cpp
  Component.cpp
  Controller.cpp
  Drop.cpp
  FallExplode.cpp
  Follow.cpp
  Spawner.cpp
  Transform.cpp
  EventManager.cpp
  GameObject.cpp
  GameObjectManager.cpp
  GameStateManager.cpp
  ObjectFactory.cpp
  PhysicsManager.cpp
LINK : warning LNK4098: defaultlib 'LIBCMT' conflicts with use of other libs; use /NODEFAULTLIB:library
  Generating code
  1 of 2584 functions (<0.1%) were compiled, the rest were copied from previous compilation.
    0 functions were new in current compilation
    0 functions had inline decision re-evaluated but remain unchanged
  Finished generating code
SDL2main.lib(SDL_windows_main.obj) : warning LNK4049: locally defined symbol ___iob_func imported
glew32s.lib(glew.obj) : warning LNK4099: PDB 'vc120.pdb' was not found with 'glew32s.lib(glew.obj)' or at 'C:\Users\Sidu\Desktop\Final Project\CrudeEngine\Release\vc120.pdb'; linking object as if no debug info
  CrudeEngine.vcxproj -> C:\Users\Sidu\Desktop\Final Project\CrudeEngine\Release\CrudeEngine.exe
